2022-02-03T12:52:59.802047Z 0 [Warning] TIMESTAMP with implicit DEFAULT value is deprecated. Please use --explicit_defaults_for_timestamp server option (see documentation for more details).
2022-02-03T12:52:59.823812Z 0 [Warning] Setting lower_case_table_names=2 because file system for /var/lib/mysql/ is case insensitive
2022-02-03T12:53:00.723349Z 0 [Warning] InnoDB: New log files created, LSN=45790
2022-02-03T12:53:00.923276Z 0 [Warning] InnoDB: Creating foreign key constraint system tables.
2022-02-03T12:53:00.931507Z 0 [Warning] No existing UUID has been found, so we assume that this is the first time that this server has been started. Generating a new UUID: 3811408a-84f0-11ec-acde-0242ac1a0002.
2022-02-03T12:53:00.934671Z 0 [Warning] Gtid table is not ready to be used. Table 'mysql.gtid_executed' cannot be opened.
2022-02-03T12:53:01.570046Z 0 [Warning] A deprecated TLS version TLSv1 is enabled. Please use TLSv1.2 or higher.
2022-02-03T12:53:01.570400Z 0 [Warning] A deprecated TLS version TLSv1.1 is enabled. Please use TLSv1.2 or higher.
2022-02-03T12:53:01.575880Z 0 [Warning] CA certificate ca.pem is self signed.
2022-02-03T12:53:01.759690Z 1 [Warning] root@localhost is created with an empty password ! Please consider switching off the --initialize-insecure option.
2022-02-03T12:53:08.161337Z 0 [Warning] TIMESTAMP with implicit DEFAULT value is deprecated. Please use --explicit_defaults_for_timestamp server option (see documentation for more details).
2022-02-03T12:53:08.169314Z 0 [Note] mysqld (mysqld 5.7.37) starting as process 79 ...
2022-02-03T12:53:08.175827Z 0 [Warning] Setting lower_case_table_names=2 because file system for /var/lib/mysql/ is case insensitive
2022-02-03T12:53:08.179631Z 0 [Note] InnoDB: PUNCH HOLE support available
2022-02-03T12:53:08.180369Z 0 [Note] InnoDB: Mutexes and rw_locks use GCC atomic builtins
2022-02-03T12:53:08.180884Z 0 [Note] InnoDB: Uses event mutexes
2022-02-03T12:53:08.181289Z 0 [Note] InnoDB: GCC builtin __atomic_thread_fence() is used for memory barrier
2022-02-03T12:53:08.181853Z 0 [Note] InnoDB: Compressed tables use zlib 1.2.11
2022-02-03T12:53:08.182381Z 0 [Note] InnoDB: Using Linux native AIO
2022-02-03T12:53:08.183035Z 0 [Note] InnoDB: Number of pools: 1
2022-02-03T12:53:08.183671Z 0 [Note] InnoDB: Using CPU crc32 instructions
2022-02-03T12:53:08.185629Z 0 [Note] InnoDB: Initializing buffer pool, total size = 128M, instances = 1, chunk size = 128M
2022-02-03T12:53:08.199003Z 0 [Note] InnoDB: Completed initialization of buffer pool
2022-02-03T12:53:08.202307Z 0 [Note] InnoDB: If the mysqld execution user is authorized, page cleaner thread priority can be changed. See the man page of setpriority().
2022-02-03T12:53:08.247489Z 0 [Note] InnoDB: Highest supported file format is Barracuda.
2022-02-03T12:53:08.312151Z 0 [Note] InnoDB: Creating shared tablespace for temporary tables
2022-02-03T12:53:08.314055Z 0 [Note] InnoDB: Setting file './ibtmp1' size to 12 MB. Physically writing the file full; Please wait ...
2022-02-03T12:53:08.364021Z 0 [Note] InnoDB: File './ibtmp1' size is now 12 MB.
2022-02-03T12:53:08.379026Z 0 [Note] InnoDB: 96 redo rollback segment(s) found. 96 redo rollback segment(s) are active.
2022-02-03T12:53:08.379766Z 0 [Note] InnoDB: 32 non-redo rollback segment(s) are active.
2022-02-03T12:53:08.380864Z 0 [Note] InnoDB: 5.7.37 started; log sequence number 2750723
2022-02-03T12:53:08.381505Z 0 [Note] InnoDB: Loading buffer pool(s) from /var/lib/mysql/ib_buffer_pool
2022-02-03T12:53:08.382390Z 0 [Note] Plugin 'FEDERATED' is disabled.
2022-02-03T12:53:08.418528Z 0 [Note] InnoDB: Buffer pool(s) load completed at 220203 21:53:08
2022-02-03T12:53:08.421478Z 0 [Note] Found ca.pem, server-cert.pem and server-key.pem in data directory. Trying to enable SSL support using them.
2022-02-03T12:53:08.421967Z 0 [Note] Skipping generation of SSL certificates as certificate files are present in data directory.
2022-02-03T12:53:08.422399Z 0 [Warning] A deprecated TLS version TLSv1 is enabled. Please use TLSv1.2 or higher.
2022-02-03T12:53:08.422871Z 0 [Warning] A deprecated TLS version TLSv1.1 is enabled. Please use TLSv1.2 or higher.
2022-02-03T12:53:08.428618Z 0 [Warning] CA certificate ca.pem is self signed.
2022-02-03T12:53:08.429173Z 0 [Note] Skipping generation of RSA key pair as key files are present in data directory.
2022-02-03T12:53:08.436899Z 0 [Warning] Insecure configuration for --pid-file: Location '/var/run/mysqld' in the path is accessible to all OS users. Consider choosing a different directory.
2022-02-03T12:53:08.584683Z 0 [Note] Event Scheduler: Loaded 0 events
2022-02-03T12:53:08.585297Z 0 [Note] mysqld: ready for connections.
Version: '5.7.37'  socket: '/var/run/mysqld/mysqld.sock'  port: 0  MySQL Community Server (GPL)
2022-02-03T12:53:11.440555Z 0 [Note] Giving 0 client threads a chance to die gracefully
2022-02-03T12:53:11.441092Z 0 [Note] Shutting down slave threads
2022-02-03T12:53:11.441406Z 0 [Note] Forcefully disconnecting 0 remaining clients
2022-02-03T12:53:11.441808Z 0 [Note] Event Scheduler: Purging the queue. 0 events
2022-02-03T12:53:11.442284Z 0 [Note] Binlog end
2022-02-03T12:53:11.444338Z 0 [Note] Shutting down plugin 'ngram'
2022-02-03T12:53:11.444881Z 0 [Note] Shutting down plugin 'partition'
2022-02-03T12:53:11.445281Z 0 [Note] Shutting down plugin 'BLACKHOLE'
2022-02-03T12:53:11.445684Z 0 [Note] Shutting down plugin 'ARCHIVE'
2022-02-03T12:53:11.446041Z 0 [Note] Shutting down plugin 'PERFORMANCE_SCHEMA'
2022-02-03T12:53:11.446475Z 0 [Note] Shutting down plugin 'MRG_MYISAM'
2022-02-03T12:53:11.446852Z 0 [Note] Shutting down plugin 'MyISAM'
2022-02-03T12:53:11.447169Z 0 [Note] Shutting down plugin 'INNODB_SYS_VIRTUAL'
2022-02-03T12:53:11.447577Z 0 [Note] Shutting down plugin 'INNODB_SYS_DATAFILES'
2022-02-03T12:53:11.447943Z 0 [Note] Shutting down plugin 'INNODB_SYS_TABLESPACES'
2022-02-03T12:53:11.448345Z 0 [Note] Shutting down plugin 'INNODB_SYS_FOREIGN_COLS'
2022-02-03T12:53:11.448728Z 0 [Note] Shutting down plugin 'INNODB_SYS_FOREIGN'
2022-02-03T12:53:11.449077Z 0 [Note] Shutting down plugin 'INNODB_SYS_FIELDS'
2022-02-03T12:53:11.449474Z 0 [Note] Shutting down plugin 'INNODB_SYS_COLUMNS'
2022-02-03T12:53:11.449875Z 0 [Note] Shutting down plugin 'INNODB_SYS_INDEXES'
2022-02-03T12:53:11.450183Z 0 [Note] Shutting down plugin 'INNODB_SYS_TABLESTATS'
2022-02-03T12:53:11.450539Z 0 [Note] Shutting down plugin 'INNODB_SYS_TABLES'
2022-02-03T12:53:11.450961Z 0 [Note] Shutting down plugin 'INNODB_FT_INDEX_TABLE'
2022-02-03T12:53:11.451338Z 0 [Note] Shutting down plugin 'INNODB_FT_INDEX_CACHE'
2022-02-03T12:53:11.451616Z 0 [Note] Shutting down plugin 'INNODB_FT_CONFIG'
2022-02-03T12:53:11.451966Z 0 [Note] Shutting down plugin 'INNODB_FT_BEING_DELETED'
2022-02-03T12:53:11.452284Z 0 [Note] Shutting down plugin 'INNODB_FT_DELETED'
2022-02-03T12:53:11.452600Z 0 [Note] Shutting down plugin 'INNODB_FT_DEFAULT_STOPWORD'
2022-02-03T12:53:11.453001Z 0 [Note] Shutting down plugin 'INNODB_METRICS'
2022-02-03T12:53:11.453336Z 0 [Note] Shutting down plugin 'INNODB_TEMP_TABLE_INFO'
2022-02-03T12:53:11.453716Z 0 [Note] Shutting down plugin 'INNODB_BUFFER_POOL_STATS'
2022-02-03T12:53:11.454089Z 0 [Note] Shutting down plugin 'INNODB_BUFFER_PAGE_LRU'
2022-02-03T12:53:11.454453Z 0 [Note] Shutting down plugin 'INNODB_BUFFER_PAGE'
2022-02-03T12:53:11.454859Z 0 [Note] Shutting down plugin 'INNODB_CMP_PER_INDEX_RESET'
2022-02-03T12:53:11.455178Z 0 [Note] Shutting down plugin 'INNODB_CMP_PER_INDEX'
2022-02-03T12:53:11.455581Z 0 [Note] Shutting down plugin 'INNODB_CMPMEM_RESET'
2022-02-03T12:53:11.455988Z 0 [Note] Shutting down plugin 'INNODB_CMPMEM'
2022-02-03T12:53:11.456383Z 0 [Note] Shutting down plugin 'INNODB_CMP_RESET'
2022-02-03T12:53:11.456721Z 0 [Note] Shutting down plugin 'INNODB_CMP'
2022-02-03T12:53:11.457086Z 0 [Note] Shutting down plugin 'INNODB_LOCK_WAITS'
2022-02-03T12:53:11.457429Z 0 [Note] Shutting down plugin 'INNODB_LOCKS'
2022-02-03T12:53:11.457792Z 0 [Note] Shutting down plugin 'INNODB_TRX'
2022-02-03T12:53:11.458139Z 0 [Note] Shutting down plugin 'InnoDB'
2022-02-03T12:53:11.458527Z 0 [Note] InnoDB: FTS optimize thread exiting.
2022-02-03T12:53:11.459040Z 0 [Note] InnoDB: Starting shutdown...
2022-02-03T12:53:11.561810Z 0 [Note] InnoDB: Dumping buffer pool(s) to /var/lib/mysql/ib_buffer_pool
2022-02-03T12:53:11.568287Z 0 [Note] InnoDB: Buffer pool(s) dump completed at 220203 21:53:11
2022-02-03T12:53:13.386258Z 0 [Note] InnoDB: Shutdown completed; log sequence number 12660811
2022-02-03T12:53:13.389247Z 0 [Note] InnoDB: Removed temporary tablespace data file: "ibtmp1"
2022-02-03T12:53:13.389857Z 0 [Note] Shutting down plugin 'MEMORY'
2022-02-03T12:53:13.390483Z 0 [Note] Shutting down plugin 'CSV'
2022-02-03T12:53:13.391124Z 0 [Note] Shutting down plugin 'sha256_password'
2022-02-03T12:53:13.391692Z 0 [Note] Shutting down plugin 'mysql_native_password'
2022-02-03T12:53:13.392259Z 0 [Note] Shutting down plugin 'binlog'
2022-02-03T12:53:13.395945Z 0 [Note] mysqld: Shutdown complete

2022-02-03T12:53:13.633187Z 0 [Warning] TIMESTAMP with implicit DEFAULT value is deprecated. Please use --explicit_defaults_for_timestamp server option (see documentation for more details).
2022-02-03T12:53:13.640898Z 0 [Note] mysqld (mysqld 5.7.37) starting as process 1 ...
2022-02-03T12:53:13.646928Z 0 [Warning] Setting lower_case_table_names=2 because file system for /var/lib/mysql/ is case insensitive
2022-02-03T12:53:13.650861Z 0 [Note] InnoDB: PUNCH HOLE support available
2022-02-03T12:53:13.651375Z 0 [Note] InnoDB: Mutexes and rw_locks use GCC atomic builtins
2022-02-03T12:53:13.651958Z 0 [Note] InnoDB: Uses event mutexes
2022-02-03T12:53:13.652441Z 0 [Note] InnoDB: GCC builtin __atomic_thread_fence() is used for memory barrier
2022-02-03T12:53:13.652913Z 0 [Note] InnoDB: Compressed tables use zlib 1.2.11
2022-02-03T12:53:13.653466Z 0 [Note] InnoDB: Using Linux native AIO
2022-02-03T12:53:13.654244Z 0 [Note] InnoDB: Number of pools: 1
2022-02-03T12:53:13.655033Z 0 [Note] InnoDB: Using CPU crc32 instructions
2022-02-03T12:53:13.656963Z 0 [Note] InnoDB: Initializing buffer pool, total size = 128M, instances = 1, chunk size = 128M
2022-02-03T12:53:13.668061Z 0 [Note] InnoDB: Completed initialization of buffer pool
2022-02-03T12:53:13.671330Z 0 [Note] InnoDB: If the mysqld execution user is authorized, page cleaner thread priority can be changed. See the man page of setpriority().
2022-02-03T12:53:13.722656Z 0 [Note] InnoDB: Highest supported file format is Barracuda.
2022-02-03T12:53:13.787764Z 0 [Note] InnoDB: Creating shared tablespace for temporary tables
2022-02-03T12:53:13.789969Z 0 [Note] InnoDB: Setting file './ibtmp1' size to 12 MB. Physically writing the file full; Please wait ...
2022-02-03T12:53:13.853257Z 0 [Note] InnoDB: File './ibtmp1' size is now 12 MB.
2022-02-03T12:53:13.868618Z 0 [Note] InnoDB: 96 redo rollback segment(s) found. 96 redo rollback segment(s) are active.
2022-02-03T12:53:13.869303Z 0 [Note] InnoDB: 32 non-redo rollback segment(s) are active.
2022-02-03T12:53:13.870507Z 0 [Note] InnoDB: 5.7.37 started; log sequence number 12660811
2022-02-03T12:53:13.871385Z 0 [Note] InnoDB: Loading buffer pool(s) from /var/lib/mysql/ib_buffer_pool
2022-02-03T12:53:13.871595Z 0 [Note] Plugin 'FEDERATED' is disabled.
2022-02-03T12:53:13.899257Z 0 [Note] Found ca.pem, server-cert.pem and server-key.pem in data directory. Trying to enable SSL support using them.
2022-02-03T12:53:13.899742Z 0 [Note] Skipping generation of SSL certificates as certificate files are present in data directory.
2022-02-03T12:53:13.900408Z 0 [Warning] A deprecated TLS version TLSv1 is enabled. Please use TLSv1.2 or higher.
2022-02-03T12:53:13.901115Z 0 [Warning] A deprecated TLS version TLSv1.1 is enabled. Please use TLSv1.2 or higher.
2022-02-03T12:53:13.905634Z 0 [Warning] CA certificate ca.pem is self signed.
2022-02-03T12:53:13.906278Z 0 [Note] Skipping generation of RSA key pair as key files are present in data directory.
2022-02-03T12:53:13.912365Z 0 [Note] Server hostname (bind-address): '*'; port: 3306
2022-02-03T12:53:13.913389Z 0 [Note] IPv6 is available.
2022-02-03T12:53:13.915395Z 0 [Note]   - '::' resolves to '::';
2022-02-03T12:53:13.916085Z 0 [Note] Server socket created on IP: '::'.
2022-02-03T12:53:13.920119Z 0 [Warning] Insecure configuration for --pid-file: Location '/var/run/mysqld' in the path is accessible to all OS users. Consider choosing a different directory.
2022-02-03T12:53:13.929200Z 0 [Note] InnoDB: Buffer pool(s) load completed at 220203 21:53:13
2022-02-03T12:53:14.061637Z 0 [Note] Event Scheduler: Loaded 0 events
2022-02-03T12:53:14.062316Z 0 [Note] mysqld: ready for connections.
Version: '5.7.37'  socket: '/var/run/mysqld/mysqld.sock'  port: 3306  MySQL Community Server (GPL)
